<?xml version="1.0" encoding="UTF-8"?>
<!-- Generated by org.testng.reporters.JUnitReportReporter -->
<testsuite hostname="Pari-Laptop" failures="0" tests="5" name="com.checkprojecttest.checklogintest" time="25.342" errors="0" timestamp="8 Jan 2024 07:23:05 GMT">
  <testcase classname="com.checkprojecttest.checklogintest" name="forgetpasswordwithrememberme" time="5.492"/>
  <testcase classname="com.checkprojecttest.checklogintest" name="loginErrormessage" time="3.279"/>
  <testcase classname="com.checkprojecttest.checklogintest" name="login" time="4.960"/>
  <testcase classname="com.checkprojecttest.checklogintest" name="checkremberme" time="8.059"/>
  <testcase classname="com.checkprojecttest.checklogintest" name="logininvalidUserandPassword" time="3.552"/>
</testsuite> <!-- com.checkprojecttest.checklogintest -->
